<?xml version="1.0" encoding="UTF-8"?>
<testng-results skipped="0" failed="0" ignored="0" total="1" passed="1">
  <reporter-output>
  </reporter-output>
  <suite name="Suite" duration-ms="2785" started-at="2022-10-06T22:25:49 IST" finished-at="2022-10-06T22:25:51 IST">
    <groups>
    </groups>
    <test name="Test" duration-ms="2785" started-at="2022-10-06T22:25:49 IST" finished-at="2022-10-06T22:25:51 IST">
      <class name="testcases.LoginTest">
        <test-method status="PASS" signature="setUp()[pri:0, instance:testcases.LoginTest@12c8a2c0]" name="setUp" is-config="true" duration-ms="41254" started-at="2022-10-06T22:25:07 IST" finished-at="2022-10-06T22:25:49 IST">
          <reporter-output>
          </reporter-output>
        </test-method> <!-- setUp -->
        <test-method status="PASS" signature="beforeClass()[pri:0, instance:testcases.LoginTest@12c8a2c0]" name="beforeClass" is-config="true" duration-ms="491" started-at="2022-10-06T22:25:49 IST" finished-at="2022-10-06T22:25:49 IST">
          <reporter-output>
          </reporter-output>
        </test-method> <!-- beforeClass -->
        <test-method status="PASS" signature="loginTest()[pri:0, instance:testcases.LoginTest@12c8a2c0]" name="loginTest" duration-ms="1977" started-at="2022-10-06T22:25:49 IST" finished-at="2022-10-06T22:25:51 IST">
          <reporter-output>
          </reporter-output>
        </test-method> <!-- loginTest -->
      </class> <!-- testcases.LoginTest -->
    </test> <!-- Test -->
  </suite> <!-- Suite -->
</testng-results>
